<?xml version="1.0" encoding="UTF-8"?>
<testsuite xmlns:xsi="http://www.w3.org/2001/XMLSchema-instance" xsi:noNamespaceSchemaLocation="https://maven.apache.org/surefire/maven-surefire-plugin/xsd/surefire-test-report.xsd" name="com.cpilosenlaces.in2dv.ud5_json_opedocmongodb.AppTest" time="0.76" tests="1" errors="0" skipped="0" failures="0">
  <properties>
    <property name="java.specification.version" value="16"/>
    <property name="sun.cpu.isalist" value="amd64"/>
    <property name="sun.jnu.encoding" value="Cp1252"/>
    <property name="java.class.path" value="D:\ALBERTO\_Curso 2021-22\486-Acceso a datos\miAccesoaDatos\UD5 - Bases de datos NoSQL\Parte2_BBDD_JSON\ProyectosUD5_Parte2\ud5_json_opedocmongodb\target\test-classes;D:\ALBERTO\_Curso 2021-22\486-Acceso a datos\miAccesoaDatos\UD5 - Bases de datos NoSQL\Parte2_BBDD_JSON\ProyectosUD5_Parte2\ud5_json_opedocmongodb\target\classes;C:\Users\JoséAlberto\.m2\repository\junit\junit\4.11\junit-4.11.jar;C:\Users\JoséAlberto\.m2\repository\org\hamcrest\hamcrest-core\1.3\hamcrest-core-1.3.jar;C:\Users\JoséAlberto\.m2\repository\org\mongodb\mongo-java-driver\3.7.1\mongo-java-driver-3.7.1.jar;"/>
    <property name="java.vm.vendor" value="Oracle Corporation"/>
    <property name="sun.arch.data.model" value="64"/>
    <property name="user.variant" value=""/>
    <property name="java.vendor.url" value="https://java.oracle.com/"/>
    <property name="user.timezone" value="Europe/Madrid"/>
    <property name="os.name" value="Windows 10"/>
    <property name="java.vm.specification.version" value="16"/>
    <property name="sun.java.launcher" value="SUN_STANDARD"/>
    <property name="user.country" value="ES"/>
    <property name="sun.boot.library.path" value="C:\Users\JoséAlberto\.p2\pool\plugins\org.eclipse.justj.openjdk.hotspot.jre.full.win32.x86_64_16.0.2.v20210721-1149\jre\bin"/>
    <property name="sun.java.command" value="C:\Users\JOSALB~1\AppData\Local\Temp\surefire2778962713112912194\surefirebooter62971583276087294.jar C:\Users\JoséAlberto\AppData\Local\Temp\surefire2778962713112912194 2022-02-25T19-09-57_906-jvmRun1 surefire7496981880550356219tmp surefire_010669852245506885565tmp"/>
    <property name="jdk.debug" value="release"/>
    <property name="surefire.test.class.path" value="D:\ALBERTO\_Curso 2021-22\486-Acceso a datos\miAccesoaDatos\UD5 - Bases de datos NoSQL\Parte2_BBDD_JSON\ProyectosUD5_Parte2\ud5_json_opedocmongodb\target\test-classes;D:\ALBERTO\_Curso 2021-22\486-Acceso a datos\miAccesoaDatos\UD5 - Bases de datos NoSQL\Parte2_BBDD_JSON\ProyectosUD5_Parte2\ud5_json_opedocmongodb\target\classes;C:\Users\JoséAlberto\.m2\repository\junit\junit\4.11\junit-4.11.jar;C:\Users\JoséAlberto\.m2\repository\org\hamcrest\hamcrest-core\1.3\hamcrest-core-1.3.jar;C:\Users\JoséAlberto\.m2\repository\org\mongodb\mongo-java-driver\3.7.1\mongo-java-driver-3.7.1.jar;"/>
    <property name="sun.cpu.endian" value="little"/>
    <property name="user.home" value="C:\Users\JoséAlberto"/>
    <property name="user.language" value="es"/>
    <property name="java.specification.vendor" value="Oracle Corporation"/>
    <property name="java.version.date" value="2021-07-20"/>
    <property name="java.home" value="C:\Users\JoséAlberto\.p2\pool\plugins\org.eclipse.justj.openjdk.hotspot.jre.full.win32.x86_64_16.0.2.v20210721-1149\jre"/>
    <property name="file.separator" value="\"/>
    <property name="basedir" value="D:\ALBERTO\_Curso 2021-22\486-Acceso a datos\miAccesoaDatos\UD5 - Bases de datos NoSQL\Parte2_BBDD_JSON\ProyectosUD5_Parte2\ud5_json_opedocmongodb"/>
    <property name="java.vm.compressedOopsMode" value="32-bit"/>
    <property name="line.separator" value="&#10;"/>
    <property name="java.vm.specification.vendor" value="Oracle Corporation"/>
    <property name="java.specification.name" value="Java Platform API Specification"/>
    <property name="surefire.real.class.path" value="C:\Users\JOSALB~1\AppData\Local\Temp\surefire2778962713112912194\surefirebooter62971583276087294.jar"/>
    <property name="user.script" value=""/>
    <property name="sun.management.compiler" value="HotSpot 64-Bit Tiered Compilers"/>
    <property name="java.runtime.version" value="16.0.2+7-67"/>
    <property name="user.name" value="JoséAlberto"/>
    <property name="path.separator" value=";"/>
    <property name="os.version" value="10.0"/>
    <property name="java.runtime.name" value="OpenJDK Runtime Environment"/>
    <property name="file.encoding" value="Cp1252"/>
    <property name="java.vm.name" value="OpenJDK 64-Bit Server VM"/>
    <property name="localRepository" value="C:\Users\JoséAlberto\.m2\repository"/>
    <property name="java.vendor.url.bug" value="https://bugreport.java.com/bugreport/"/>
    <property name="java.io.tmpdir" value="C:\Users\JOSALB~1\AppData\Local\Temp\"/>
    <property name="java.version" value="16.0.2"/>
    <property name="user.dir" value="D:\ALBERTO\_Curso 2021-22\486-Acceso a datos\miAccesoaDatos\UD5 - Bases de datos NoSQL\Parte2_BBDD_JSON\ProyectosUD5_Parte2\ud5_json_opedocmongodb"/>
    <property name="os.arch" value="amd64"/>
    <property name="java.vm.specification.name" value="Java Virtual Machine Specification"/>
    <property name="sun.os.patch.level" value=""/>
    <property name="java.library.path" value="C:\Users\JoséAlberto\.p2\pool\plugins\org.eclipse.justj.openjdk.hotspot.jre.full.win32.x86_64_16.0.2.v20210721-1149\jre\bin;C:\WINDOWS\Sun\Java\bin;C:\WINDOWS\system32;C:\WINDOWS;C:/Users/JoséAlberto/.p2/pool/plugins/org.eclipse.justj.openjdk.hotspot.jre.full.win32.x86_64_16.0.2.v20210721-1149/jre/bin/server;C:/Users/JoséAlberto/.p2/pool/plugins/org.eclipse.justj.openjdk.hotspot.jre.full.win32.x86_64_16.0.2.v20210721-1149/jre/bin;C:\oraclexe\app\oracle\product\11.2.0\server\bin;;C:\Program Files\Microsoft MPI\Bin\;C:\Program Files (x86)\Common Files\Oracle\Java\javapath;C:\Program Files\AdoptOpenJDK\jre-8.0.292.10-hotspot\bin;C:\WINDOWS\system32;C:\WINDOWS;C:\WINDOWS\System32\Wbem;C:\WINDOWS\System32\WindowsPowerShell\v1.0\;C:\WINDOWS\System32\OpenSSH\;C:\Program Files\PuTTY\;C:\Program Files (x86)\Microsoft SQL Server\150\Tools\Binn\;C:\Program Files\Microsoft SQL Server\150\Tools\Binn\;C:\Program Files (x86)\Microsoft SQL Server\150\DTS\Binn\;C:\Program Files\Microsoft SQL Server\150\DTS\Binn\;C:\Program Files\Microsoft SQL Server\Client SDK\ODBC\170\Tools\Binn\;C:\Program Files\Azure Data Studio\bin;C:\Maven\apache-maven-3.8.3\bin;C:\Program Files\MySQL\MySQL Shell 8.0\bin\;C:\Users\JoséAlberto\AppData\Local\Microsoft\WindowsApps;;C:\Program Files\Azure Data Studio\bin;C:\Users\JoséAlberto\AppData\Local\Programs\mongosh\;C:\WINDOWS\System32;;."/>
    <property name="java.vm.info" value="mixed mode"/>
    <property name="java.vendor" value="Oracle Corporation"/>
    <property name="java.vm.version" value="16.0.2+7-67"/>
    <property name="sun.io.unicode.encoding" value="UnicodeLittle"/>
    <property name="java.class.version" value="60.0"/>
  </properties>
  <testcase name="shouldAnswerWithTrue" classname="com.cpilosenlaces.in2dv.ud5_json_opedocmongodb.AppTest" time="0.003"/>
</testsuite>